* 2016/10/07 16:04:48 - fundamentals.logs - ERROR (/Users/Dave/.virtualenvs/HMpTy/lib/python2.7/site-packages/fundamentals-0.7.5-py2.7.egg/fundamentals/mysql/readquery.py > readquery > 67) - MySQL raised an error - read command not executed.
(1064, "You have an error in your SQL syntax; check the manual that corresponds to your MySQL server version for the right syntax to use near '[51985593996 51985593989 51985593990 51985593991 51985593993 51985593994\n 519855' at line 1")
Here is the sqlQuery
	select raDeg, decDeg from transientBucket where htm16ID in ([51985593996 51985593989 51985593990 51985593991 51985593993 51985593994
 51985593995 51985593997 51985593998 51985593999 51985594037 51985594042
 51985594044])  
* 2016/10/07 16:04:48 - fundamentals.logs - ERROR (/Users/Dave/.virtualenvs/HMpTy/lib/python2.7/site-packages/fundamentals-0.7.5-py2.7.egg/fundamentals/mysql/readquery.py > readquery > 67) - MySQL raised an error - read command not executed.
(1064, "You have an error in your SQL syntax; check the manual that corresponds to your MySQL server version for the right syntax to use near '[51985593996 51985593989 51985593990 51985593991 51985593993 51985593994\n 519855' at line 1")
Here is the sqlQuery
	select raDeg, decDeg from transientBucket where htm16ID in ([51985593996 51985593989 51985593990 51985593991 51985593993 51985593994
 51985593995 51985593997 51985593998 51985593999 51985594037 51985594042
 51985594044])  
* 2016/10/07 16:04:48 - fundamentals.logs - ERROR (/Users/Dave/.virtualenvs/HMpTy/lib/python2.7/site-packages/fundamentals-0.7.5-py2.7.egg/fundamentals/mysql/readquery.py > readquery > 67) - MySQL raised an error - read command not executed.
(1064, "You have an error in your SQL syntax; check the manual that corresponds to your MySQL server version for the right syntax to use near '[51985593996 51985593989 51985593990 51985593991 51985593993 51985593994\n 519855' at line 1")
Here is the sqlQuery
	select raDeg, decDeg from transientBucket where htm16ID in ([51985593996 51985593989 51985593990 51985593991 51985593993 51985593994
 51985593995 51985593997 51985593998 51985593999 51985594037 51985594042
 51985594044 38251139660 38251139653 38251139654 38251139655 38251139657
 38251139658 38251139659 38251139661 38251139662 38251139663 38251139701
 38251139706 38251139708 58661591161 58661591125 58661591128 58661591130
 58661591131 58661591132 58661591154 58661591160 58661591162 58661591163
 58661591164 58661591165 58661591167 66619441473 66619441472 66619441474
 66619441475 66619441478 66619441485 66619441486 66619441487 66619441792
 66619441920 66619441922 66619441923 66619441929 66619441933 38488627913
 38488627793 38488627796 38488627798 38488627799 38488627806 38488627906
 38488627912 38488627914 38488627915 38488627916 38488627917 38488627919])  
* 2016/10/07 16:04:48 - fundamentals.logs - ERROR (/Users/Dave/.virtualenvs/HMpTy/lib/python2.7/site-packages/fundamentals-0.7.5-py2.7.egg/fundamentals/mysql/readquery.py > readquery > 67) - MySQL raised an error - read command not executed.
(1064, "You have an error in your SQL syntax; check the manual that corresponds to your MySQL server version for the right syntax to use near '[12689920 12689921 12689922 ..., 12701517 12701518 12701519])' at line 1")
Here is the sqlQuery
	select raDeg, decDeg from transientBucket where htm10ID in ([12689920 12689921 12689922 ..., 12701517 12701518 12701519])  
* 2016/10/07 16:09:59 - fundamentals.logs - ERROR (/Users/Dave/.virtualenvs/HMpTy/lib/python2.7/site-packages/fundamentals-0.7.5-py2.7.egg/fundamentals/mysql/readquery.py > readquery > 67) - MySQL raised an error - read command not executed.
(1064, "You have an error in your SQL syntax; check the manual that corresponds to your MySQL server version for the right syntax to use near '[51985593996,51985593989,51985593990,51985593991,51985593993,51985593994,\n 51985' at line 1")
Here is the sqlQuery
	select raDeg, decDeg from transientBucket where htm16ID in ([51985593996,51985593989,51985593990,51985593991,51985593993,51985593994,
 51985593995,51985593997,51985593998,51985593999,51985594037,51985594042,
 51985594044])  
* 2016/10/07 16:09:59 - fundamentals.logs - ERROR (/Users/Dave/.virtualenvs/HMpTy/lib/python2.7/site-packages/fundamentals-0.7.5-py2.7.egg/fundamentals/mysql/readquery.py > readquery > 67) - MySQL raised an error - read command not executed.
(1064, "You have an error in your SQL syntax; check the manual that corresponds to your MySQL server version for the right syntax to use near '[51985593996,51985593989,51985593990,51985593991,51985593993,51985593994,\n 51985' at line 1")
Here is the sqlQuery
	select raDeg, decDeg from transientBucket where htm16ID in ([51985593996,51985593989,51985593990,51985593991,51985593993,51985593994,
 51985593995,51985593997,51985593998,51985593999,51985594037,51985594042,
 51985594044])  
* 2016/10/07 16:09:59 - fundamentals.logs - ERROR (/Users/Dave/.virtualenvs/HMpTy/lib/python2.7/site-packages/fundamentals-0.7.5-py2.7.egg/fundamentals/mysql/readquery.py > readquery > 67) - MySQL raised an error - read command not executed.
(1064, "You have an error in your SQL syntax; check the manual that corresponds to your MySQL server version for the right syntax to use near '[51985593996,51985593989,51985593990,51985593991,51985593993,51985593994,\n 51985' at line 1")
Here is the sqlQuery
	select raDeg, decDeg from transientBucket where htm16ID in ([51985593996,51985593989,51985593990,51985593991,51985593993,51985593994,
 51985593995,51985593997,51985593998,51985593999,51985594037,51985594042,
 51985594044,38251139660,38251139653,38251139654,38251139655,38251139657,
 38251139658,38251139659,38251139661,38251139662,38251139663,38251139701,
 38251139706,38251139708,58661591161,58661591125,58661591128,58661591130,
 58661591131,58661591132,58661591154,58661591160,58661591162,58661591163,
 58661591164,58661591165,58661591167,66619441473,66619441472,66619441474,
 66619441475,66619441478,66619441485,66619441486,66619441487,66619441792,
 66619441920,66619441922,66619441923,66619441929,66619441933,38488627913,
 38488627793,38488627796,38488627798,38488627799,38488627806,38488627906,
 38488627912,38488627914,38488627915,38488627916,38488627917,38488627919])  
* 2016/10/07 16:09:59 - fundamentals.logs - ERROR (/Users/Dave/.virtualenvs/HMpTy/lib/python2.7/site-packages/fundamentals-0.7.5-py2.7.egg/fundamentals/mysql/readquery.py > readquery > 67) - MySQL raised an error - read command not executed.
(1064, "You have an error in your SQL syntax; check the manual that corresponds to your MySQL server version for the right syntax to use near '[12689920,12689921,12689922,..., 12701517,12701518,12701519])' at line 1")
Here is the sqlQuery
	select raDeg, decDeg from transientBucket where htm10ID in ([12689920,12689921,12689922,..., 12701517,12701518,12701519])  
* 2016/10/10 10:46:15 - fundamentals.logs - ERROR (/Users/Dave/.virtualenvs/HMpTy/lib/python2.7/site-packages/fundamentals-0.7.5-py2.7.egg/fundamentals/mysql/readquery.py > readquery > 67) - MySQL raised an error - read command not executed.
(1054, "Unknown column 'htm01ID' in 'where clause'")
Here is the sqlQuery
	select raDeg, decDeg from transientBucket where htm01ID in (51985593986,51985593989,51985593993,51985593994,51985593995,51985593996,51985593997,51985593998,51985593999,51985594037,51985594042,51985594044,51985593984,51985593985,51985593987,51985593988,51985593990,51985593991,51985593992,51985594036,51985594038,51985594039,51985594040,51985594041,51985594043,51985594045,51985594046,51985594047,51985594112,51985594113,51985594115,51985594116,51985594118,51985594119,51985594126,51985595970,51985595977,51985595981,38251139653,38251139654,38251139655,38251139658,38251139660,38251139662,38251139663,38251139649,38251139650,38251139651,38251139652,38251139656,38251139657,38251139659,38251139661,38251139700,38251139701,38251139703,38251139704,38251139706,38251139707,38251139708,38251139906,38251139912,38251139913,38251139915,38251139917,58661591125,58661591128,58661591130,58661591131,58661591132,58661591154,58661591160,58661591161,58661591163,58661591165,58661591167,58661591108,58661591109,5866  
* 2016/10/10 10:46:15 - fundamentals.logs - ERROR (/Users/Dave/.virtualenvs/HMpTy/lib/python2.7/site-packages/fundamentals-0.7.5-py2.7.egg/fundamentals/mysql/readquery.py > readquery > 67) - MySQL raised an error - read command not executed.
(1054, "Unknown column 'htm01ID' in 'where clause'")
Here is the sqlQuery
	select raDeg, decDeg from transientBucket where htm01ID in (12689920,12689921,12689922,12689923,12689924,12689925,12689926,12689927,12689928,12689929,12689930,12689931,12689932,12689933,12689934,12689935,12689952,12689953,12689954,12689955,12689956,12689957,12689958,12689959,12689962,12689964,12689965,12689966,12689967,12689969,12689972,12689973,12689974,12689975,12689976,12689978,12689979,12689980,12689982,12689983,12690064,12690066,12690067,12690128,12690129,12690131,12690688,12690689,12690690,12690691,12690692,12690693,12690694,12690695,12690696,12690697,12690698,12690699,12690700,12690701,12690702,12690703,12690704,12690705,12690706,12690707,12690708,12690709,12690710,12690711,12690712,12690713,12690714,12690715,12690716,12690717,12690718,12690719,12690728,12690730,12690731,12690736,12690737,12690738,12690739,12690740,12690741,12690742,12690743,12690744,12690745,12690746,12690747,12690748,12690749,12690750,12690751,12690754,12690760,12690761,12690762,12690763,12690765,12690784,1269  
* 2016/10/10 10:46:59 - fundamentals.logs - ERROR (/Users/Dave/.virtualenvs/HMpTy/lib/python2.7/site-packages/fundamentals-0.7.5-py2.7.egg/fundamentals/mysql/readquery.py > readquery > 67) - MySQL raised an error - read command not executed.
(1054, "Unknown column 'htm01ID' in 'where clause'")
Here is the sqlQuery
	select raDeg, decDeg from transientBucket where htm01ID in (51985593986,51985593989,51985593993,51985593994,51985593995,51985593996,51985593997,51985593998,51985593999,51985594037,51985594042,51985594044,51985593984,51985593985,51985593987,51985593988,51985593990,51985593991,51985593992,51985594036,51985594038,51985594039,51985594040,51985594041,51985594043,51985594045,51985594046,51985594047,51985594112,51985594113,51985594115,51985594116,51985594118,51985594119,51985594126,51985595970,51985595977,51985595981,38251139653,38251139654,38251139655,38251139658,38251139660,38251139662,38251139663,38251139649,38251139650,38251139651,38251139652,38251139656,38251139657,38251139659,38251139661,38251139700,38251139701,38251139703,38251139704,38251139706,38251139707,38251139708,38251139906,38251139912,38251139913,38251139915,38251139917,58661591125,58661591128,58661591130,58661591131,58661591132,58661591154,58661591160,58661591161,58661591163,58661591165,58661591167,58661591108,58661591109,5866  
* 2016/10/10 10:46:59 - fundamentals.logs - ERROR (/Users/Dave/.virtualenvs/HMpTy/lib/python2.7/site-packages/fundamentals-0.7.5-py2.7.egg/fundamentals/mysql/readquery.py > readquery > 67) - MySQL raised an error - read command not executed.
(1054, "Unknown column 'htm01ID' in 'where clause'")
Here is the sqlQuery
	select raDeg, decDeg from transientBucket where htm01ID in (12689920,12689921,12689922,12689923,12689924,12689925,12689926,12689927,12689928,12689929,12689930,12689931,12689932,12689933,12689934,12689935,12689952,12689953,12689954,12689955,12689956,12689957,12689958,12689959,12689962,12689964,12689965,12689966,12689967,12689969,12689972,12689973,12689974,12689975,12689976,12689978,12689979,12689980,12689982,12689983,12690064,12690066,12690067,12690128,12690129,12690131,12690688,12690689,12690690,12690691,12690692,12690693,12690694,12690695,12690696,12690697,12690698,12690699,12690700,12690701,12690702,12690703,12690704,12690705,12690706,12690707,12690708,12690709,12690710,12690711,12690712,12690713,12690714,12690715,12690716,12690717,12690718,12690719,12690728,12690730,12690731,12690736,12690737,12690738,12690739,12690740,12690741,12690742,12690743,12690744,12690745,12690746,12690747,12690748,12690749,12690750,12690751,12690754,12690760,12690761,12690762,12690763,12690765,12690784,1269  
* 2016/10/10 10:52:23 - fundamentals.logs - ERROR (/Users/Dave/.virtualenvs/HMpTy/lib/python2.7/site-packages/fundamentals-0.7.5-py2.7.egg/fundamentals/mysql/readquery.py > readquery > 67) - MySQL raised an error - read command not executed.
(1054, "Unknown column 'htm01ID' in 'where clause'")
Here is the sqlQuery
	select raDeg, decDeg from transientBucket where htm01ID in (51985593986,51985593989,51985593993,51985593994,51985593995,51985593996,51985593997,51985593998,51985593999,51985594037,51985594042,51985594044,51985593984,51985593985,51985593987,51985593988,51985593990,51985593991,51985593992,51985594036,51985594038,51985594039,51985594040,51985594041,51985594043,51985594045,51985594046,51985594047,51985594112,51985594113,51985594115,51985594116,51985594118,51985594119,51985594126,51985595970,51985595977,51985595981,38251139653,38251139654,38251139655,38251139658,38251139660,38251139662,38251139663,38251139649,38251139650,38251139651,38251139652,38251139656,38251139657,38251139659,38251139661,38251139700,38251139701,38251139703,38251139704,38251139706,38251139707,38251139708,38251139906,38251139912,38251139913,38251139915,38251139917,58661591125,58661591128,58661591130,58661591131,58661591132,58661591154,58661591160,58661591161,58661591163,58661591165,58661591167,58661591108,58661591109,5866  
* 2016/10/10 10:52:23 - fundamentals.logs - ERROR (/Users/Dave/.virtualenvs/HMpTy/lib/python2.7/site-packages/fundamentals-0.7.5-py2.7.egg/fundamentals/mysql/readquery.py > readquery > 67) - MySQL raised an error - read command not executed.
(1054, "Unknown column 'htm01ID' in 'where clause'")
Here is the sqlQuery
	select raDeg, decDeg from transientBucket where htm01ID in (12689920,12689921,12689922,12689923,12689924,12689925,12689926,12689927,12689928,12689929,12689930,12689931,12689932,12689933,12689934,12689935,12689952,12689953,12689954,12689955,12689956,12689957,12689958,12689959,12689962,12689964,12689965,12689966,12689967,12689969,12689972,12689973,12689974,12689975,12689976,12689978,12689979,12689980,12689982,12689983,12690064,12690066,12690067,12690128,12690129,12690131,12690688,12690689,12690690,12690691,12690692,12690693,12690694,12690695,12690696,12690697,12690698,12690699,12690700,12690701,12690702,12690703,12690704,12690705,12690706,12690707,12690708,12690709,12690710,12690711,12690712,12690713,12690714,12690715,12690716,12690717,12690718,12690719,12690728,12690730,12690731,12690736,12690737,12690738,12690739,12690740,12690741,12690742,12690743,12690744,12690745,12690746,12690747,12690748,12690749,12690750,12690751,12690754,12690760,12690761,12690762,12690763,12690765,12690784,1269  
* 2016/10/10 10:52:52 - fundamentals.logs - ERROR (/Users/Dave/.virtualenvs/HMpTy/lib/python2.7/site-packages/fundamentals-0.7.5-py2.7.egg/fundamentals/mysql/readquery.py > readquery > 67) - MySQL raised an error - read command not executed.
(1054, "Unknown column 'htm01ID' in 'where clause'")
Here is the sqlQuery
	select raDeg, decDeg from transientBucket where htm01ID in (51985593986,51985593989,51985593993,51985593994,51985593995,51985593996,51985593997,51985593998,51985593999,51985594037,51985594042,51985594044,51985593984,51985593985,51985593987,51985593988,51985593990,51985593991,51985593992,51985594036,51985594038,51985594039,51985594040,51985594041,51985594043,51985594045,51985594046,51985594047,51985594112,51985594113,51985594115,51985594116,51985594118,51985594119,51985594126,51985595970,51985595977,51985595981,38251139653,38251139654,38251139655,38251139658,38251139660,38251139662,38251139663,38251139649,38251139650,38251139651,38251139652,38251139656,38251139657,38251139659,38251139661,38251139700,38251139701,38251139703,38251139704,38251139706,38251139707,38251139708,38251139906,38251139912,38251139913,38251139915,38251139917,58661591125,58661591128,58661591130,58661591131,58661591132,58661591154,58661591160,58661591161,58661591163,58661591165,58661591167,58661591108,58661591109,5866  
* 2016/10/10 10:52:52 - fundamentals.logs - ERROR (/Users/Dave/git_repos/HMpTy/HMpTy/mysql/conesearch.py > _execute_query > 280) - Please add and populate the HTM columns to this database table BEFORE running any conesearches. You can use HMpTy to do this: http://hmpty.readthedocs.io/en/stable/  
* 2016/10/10 10:52:52 - fundamentals.logs - ERROR (/Users/Dave/.virtualenvs/HMpTy/lib/python2.7/site-packages/fundamentals-0.7.5-py2.7.egg/fundamentals/mysql/readquery.py > readquery > 67) - MySQL raised an error - read command not executed.
(1054, "Unknown column 'htm01ID' in 'where clause'")
Here is the sqlQuery
	select raDeg, decDeg from transientBucket where htm01ID in (12689920,12689921,12689922,12689923,12689924,12689925,12689926,12689927,12689928,12689929,12689930,12689931,12689932,12689933,12689934,12689935,12689952,12689953,12689954,12689955,12689956,12689957,12689958,12689959,12689962,12689964,12689965,12689966,12689967,12689969,12689972,12689973,12689974,12689975,12689976,12689978,12689979,12689980,12689982,12689983,12690064,12690066,12690067,12690128,12690129,12690131,12690688,12690689,12690690,12690691,12690692,12690693,12690694,12690695,12690696,12690697,12690698,12690699,12690700,12690701,12690702,12690703,12690704,12690705,12690706,12690707,12690708,12690709,12690710,12690711,12690712,12690713,12690714,12690715,12690716,12690717,12690718,12690719,12690728,12690730,12690731,12690736,12690737,12690738,12690739,12690740,12690741,12690742,12690743,12690744,12690745,12690746,12690747,12690748,12690749,12690750,12690751,12690754,12690760,12690761,12690762,12690763,12690765,12690784,1269  
* 2016/10/10 10:52:52 - fundamentals.logs - ERROR (/Users/Dave/git_repos/HMpTy/HMpTy/mysql/conesearch.py > _execute_query > 280) - Please add and populate the HTM columns to this database table BEFORE running any conesearches. You can use HMpTy to do this: http://hmpty.readthedocs.io/en/stable/  
* 2016/10/10 10:59:10 - fundamentals.logs - ERROR (/Users/Dave/.virtualenvs/HMpTy/lib/python2.7/site-packages/fundamentals-0.7.5-py2.7.egg/fundamentals/mysql/readquery.py > readquery > 67) - MySQL raised an error - read command not executed.
(1064, "You have an error in your SQL syntax; check the manual that corresponds to your MySQL server version for the right syntax to use near 'decDeg from transientBucket where htm16ID in (51985593986,51985593989,5198559399' at line 1")
Here is the sqlQuery
	select transientBucketId, specType raDeg decDeg from transientBucket where htm16ID in (51985593986,51985593989,51985593993,51985593994,51985593995,51985593996,51985593997,51985593998,51985593999,51985594037,51985594042,51985594044,51985593984,51985593985,51985593987,51985593988,51985593990,51985593991,51985593992,51985594036,51985594038,51985594039,51985594040,51985594041,51985594043,51985594045,51985594046,51985594047,51985594112,51985594113,51985594115,51985594116,51985594118,51985594119,51985594126,51985595970,51985595977,51985595981,38251139653,38251139654,38251139655,38251139658,38251139660,38251139662,38251139663,38251139649,38251139650,38251139651,38251139652,38251139656,38251139657,38251139659,38251139661,38251139700,38251139701,38251139703,38251139704,38251139706,38251139707,38251139708,38251139906,38251139912,38251139913,38251139915,38251139917,58661591125,58661591128,58661591130,58661591131,58661591132,58661591154,58661591160,58661591161,58661591163,58661591165,58661591167,5  
* 2016/10/10 10:59:10 - fundamentals.logs - ERROR (/Users/Dave/.virtualenvs/HMpTy/lib/python2.7/site-packages/fundamentals-0.7.5-py2.7.egg/fundamentals/mysql/readquery.py > readquery > 67) - MySQL raised an error - read command not executed.
(1064, "You have an error in your SQL syntax; check the manual that corresponds to your MySQL server version for the right syntax to use near 'decDeg from transientBucket where htm10ID in (12689920,12689921,12689922,1268992' at line 1")
Here is the sqlQuery
	select transientBucketId, specType raDeg decDeg from transientBucket where htm10ID in (12689920,12689921,12689922,12689923,12689924,12689925,12689926,12689927,12689928,12689929,12689930,12689931,12689932,12689933,12689934,12689935,12689952,12689953,12689954,12689955,12689956,12689957,12689958,12689959,12689962,12689964,12689965,12689966,12689967,12689969,12689972,12689973,12689974,12689975,12689976,12689978,12689979,12689980,12689982,12689983,12690064,12690066,12690067,12690128,12690129,12690131,12690688,12690689,12690690,12690691,12690692,12690693,12690694,12690695,12690696,12690697,12690698,12690699,12690700,12690701,12690702,12690703,12690704,12690705,12690706,12690707,12690708,12690709,12690710,12690711,12690712,12690713,12690714,12690715,12690716,12690717,12690718,12690719,12690728,12690730,12690731,12690736,12690737,12690738,12690739,12690740,12690741,12690742,12690743,12690744,12690745,12690746,12690747,12690748,12690749,12690750,12690751,12690754,12690760,12690761,12690762,1269  
* 2016/10/10 10:59:49 - fundamentals.logs - ERROR (/Users/Dave/.virtualenvs/HMpTy/lib/python2.7/site-packages/fundamentals-0.7.5-py2.7.egg/fundamentals/mysql/readquery.py > readquery > 67) - MySQL raised an error - read command not executed.
(1054, "Unknown column 'specType' in 'field list'")
Here is the sqlQuery
	select transientBucketId, specType, raDeg, decDeg from transientBucket where htm16ID in (51985593986,51985593989,51985593993,51985593994,51985593995,51985593996,51985593997,51985593998,51985593999,51985594037,51985594042,51985594044,51985593984,51985593985,51985593987,51985593988,51985593990,51985593991,51985593992,51985594036,51985594038,51985594039,51985594040,51985594041,51985594043,51985594045,51985594046,51985594047,51985594112,51985594113,51985594115,51985594116,51985594118,51985594119,51985594126,51985595970,51985595977,51985595981,38251139653,38251139654,38251139655,38251139658,38251139660,38251139662,38251139663,38251139649,38251139650,38251139651,38251139652,38251139656,38251139657,38251139659,38251139661,38251139700,38251139701,38251139703,38251139704,38251139706,38251139707,38251139708,38251139906,38251139912,38251139913,38251139915,38251139917,58661591125,58661591128,58661591130,58661591131,58661591132,58661591154,58661591160,58661591161,58661591163,58661591165,58661591167  
* 2016/10/10 10:59:49 - fundamentals.logs - ERROR (/Users/Dave/.virtualenvs/HMpTy/lib/python2.7/site-packages/fundamentals-0.7.5-py2.7.egg/fundamentals/mysql/readquery.py > readquery > 67) - MySQL raised an error - read command not executed.
(1054, "Unknown column 'specType' in 'field list'")
Here is the sqlQuery
	select transientBucketId, specType, raDeg, decDeg from transientBucket where htm10ID in (12689920,12689921,12689922,12689923,12689924,12689925,12689926,12689927,12689928,12689929,12689930,12689931,12689932,12689933,12689934,12689935,12689952,12689953,12689954,12689955,12689956,12689957,12689958,12689959,12689962,12689964,12689965,12689966,12689967,12689969,12689972,12689973,12689974,12689975,12689976,12689978,12689979,12689980,12689982,12689983,12690064,12690066,12690067,12690128,12690129,12690131,12690688,12690689,12690690,12690691,12690692,12690693,12690694,12690695,12690696,12690697,12690698,12690699,12690700,12690701,12690702,12690703,12690704,12690705,12690706,12690707,12690708,12690709,12690710,12690711,12690712,12690713,12690714,12690715,12690716,12690717,12690718,12690719,12690728,12690730,12690731,12690736,12690737,12690738,12690739,12690740,12690741,12690742,12690743,12690744,12690745,12690746,12690747,12690748,12690749,12690750,12690751,12690754,12690760,12690761,12690762,12  
